0 verbose cli C:\Program Files\nodejs\node.exe C:\Program Files\nodejs\node_modules\npm\bin\npm-cli.js
1 info using npm@11.11.0
2 info using node@v24.14.1
3 silly config load:file:C:\Program Files\nodejs\node_modules\npm\npmrc
4 silly config load:file:C:\Users\athar\tsHackers-Catapult26\apps\frontend\.npmrc
5 silly config load:file:C:\Users\athar\.npmrc
6 silly config load:file:C:\Users\athar\AppData\Roaming\npm\etc\npmrc
7 verbose title npm ci
8 verbose argv "ci" "--cache" "c:\\Users\\athar\\tsHackers-Catapult26\\.npm-cache"
9 verbose logfile logs-max:10 dir:c:\Users\athar\tsHackers-Catapult26\.npm-cache\_logs\2026-04-05T08_08_03_477Z-
10 verbose logfile c:\Users\athar\tsHackers-Catapult26\.npm-cache\_logs\2026-04-05T08_08_03_477Z-debug-0.log
11 silly logfile done cleaning log files
12 http fetch GET https://registry.npmjs.org/npm attempt 1 failed with ECONNREFUSED
13 silly packumentCache heap:4496293888 maxSize:1124073472 maxEntrySize:562036736
14 silly idealTree buildDeps
15 verbose stack Error: EPERM: operation not permitted, unlink 'C:\Users\athar\tsHackers-Catapult26\apps\frontend\node_modules\@next\swc-win32-x64-msvc\next-swc.win32-x64-msvc.node'
16 error code EPERM
17 error syscall unlink
18 error path C:\Users\athar\tsHackers-Catapult26\apps\frontend\node_modules\@next\swc-win32-x64-msvc\next-swc.win32-x64-msvc.node
19 error errno -4048
20 error [Error: EPERM: operation not permitted, unlink 'C:\Users\athar\tsHackers-Catapult26\apps\frontend\node_modules\@next\swc-win32-x64-msvc\next-swc.win32-x64-msvc.node'] {
20 error   errno: -4048,
20 error   code: 'EPERM',
20 error   syscall: 'unlink',
20 error   path: 'C:\\Users\\athar\\tsHackers-Catapult26\\apps\\frontend\\node_modules\\@next\\swc-win32-x64-msvc\\next-swc.win32-x64-msvc.node'
20 error }
21 error
21 error The operation was rejected by your operating system.
21 error It's possible that the file was already in use (by a text editor or antivirus),
21 error or that you lack permissions to access it.
21 error
21 error If you believe this might be a permissions issue, please double-check the
21 error permissions of the file and its containing directories, or try running
21 error the command again as root/Administrator.
22 verbose cwd C:\Users\athar\tsHackers-Catapult26\apps\frontend
23 verbose os Windows_NT 10.0.26200
24 verbose node v24.14.1
25 verbose npm  v11.11.0
26 verbose exit -4048
27 verbose code -4048
28 error A complete log of this run can be found in: c:\Users\athar\tsHackers-Catapult26\.npm-cache\_logs\2026-04-05T08_08_03_477Z-debug-0.log
